SF:lib\core\router\app_router.dart
DA:14,0
DA:15,0
DA:16,0
DA:17,0
DA:18,0
DA:19,0
DA:20,0
DA:23,0
DA:24,0
DA:25,0
DA:26,0
DA:28,0
DA:29,0
DA:30,0
DA:32,0
DA:33,0
DA:34,0
LF:17
LH:0
end_of_record
SF:lib\main.dart
DA:10,0
DA:11,0
DA:13,0
DA:14,0
DA:15,0
DA:18,3
DA:22,1
DA:24,1
DA:26,1
DA:30,1
DA:32,1
DA:33,2
DA:35,1
LF:13
LH:8
end_of_record
SF:lib\core\helper\di\di.dart
DA:9,0
DA:11,0
DA:13,0
DA:16,0
DA:19,0
DA:22,0
LF:6
LH:0
end_of_record
SF:lib\features\stories\data\datasources\new_york_times_stories_datasource.dart
DA:15,0
DA:17,0
DA:19,0
DA:23,0
DA:25,0
LF:5
LH:0
end_of_record
SF:lib\features\stories\data\repositories\new_york_times_stories_repository.dart
DA:10,0
DA:12,0
DA:14,0
DA:15,0
DA:18,0
DA:19,0
DA:20,0
DA:22,0
DA:24,0
DA:28,0
DA:31,0
DA:32,0
DA:35,0
DA:36,0
DA:37,0
DA:39,0
DA:41,0
LF:17
LH:0
end_of_record
SF:lib\features\stories\logic\story_cubit.dart
DA:13,0
DA:14,0
DA:20,0
DA:22,0
DA:24,0
DA:25,0
DA:26,0
DA:27,0
DA:28,0
DA:29,0
DA:30,0
DA:31,0
DA:32,0
DA:36,0
DA:37,0
DA:39,0
DA:40,0
DA:41,0
DA:42,0
DA:43,0
DA:44,0
DA:45,0
DA:49,0
DA:50,0
DA:51,0
DA:54,0
DA:55,0
DA:56,0
DA:58,0
DA:62,0
DA:63,0
DA:65,0
DA:66,0
DA:67,0
DA:68,0
DA:69,0
DA:70,0
DA:71,0
DA:74,0
DA:75,0
DA:76,0
DA:77,0
DA:80,0
DA:81,0
DA:82,0
LF:45
LH:0
end_of_record
SF:lib\core\network\dio_factory.dart
DA:8,0
DA:11,0
DA:15,0
DA:20,0
DA:28,0
DA:30,0
DA:31,0
DA:32,0
LF:8
LH:0
end_of_record
SF:lib\core\network\remote_api.g.dart
DA:12,0
DA:16,0
DA:23,0
DA:26,0
DA:27,0
DA:29,0
DA:30,0
DA:35,0
DA:36,0
DA:37,0
DA:41,0
DA:42,0
DA:43,0
DA:44,0
DA:46,0
DA:50,0
DA:51,0
DA:52,0
DA:53,0
DA:54,0
DA:55,0
DA:57,0
DA:63,0
DA:67,0
DA:71,0
DA:73,0
DA:74,0
DA:77,0
LF:28
LH:0
end_of_record
SF:lib\core\helper\extensions\context_extensions.dart
DA:4,0
DA:5,0
DA:8,0
DA:9,0
DA:12,0
DA:13,0
DA:16,0
DA:17,0
LF:8
LH:0
end_of_record
SF:lib\core\helper\init_app\init_app.dart
DA:5,0
DA:7,0
DA:10,0
LF:3
LH:0
end_of_record
SF:lib\core\helper\navigator\navigator.dart
DA:6,0
DA:7,0
DA:8,0
DA:9,0
DA:15,0
DA:16,0
DA:17,0
DA:20,0
DA:22,0
DA:23,0
DA:27,0
DA:29,0
DA:30,0
DA:33,0
DA:35,0
DA:36,0
DA:37,0
DA:40,0
DA:42,0
DA:43,0
DA:46,0
DA:47,0
DA:50,0
DA:51,0
LF:24
LH:0
end_of_record
SF:lib\core\network\dio_interceptor.dart
DA:7,0
DA:9,0
DA:11,0
DA:14,0
DA:17,0
DA:18,0
DA:20,0
DA:23,0
DA:25,0
LF:9
LH:0
end_of_record
SF:lib\core\network\internet_connectivity_handler.dart
DA:6,0
DA:7,0
DA:8,0
DA:9,0
DA:10,0
DA:11,0
DA:13,0
LF:7
LH:0
end_of_record
SF:lib\core\widgets\no_internet_screen.dart
DA:12,1
DA:14,0
DA:16,0
DA:17,0
DA:19,0
DA:20,0
DA:22,0
DA:24,0
DA:26,0
DA:27,0
DA:30,0
DA:31,0
DA:34,0
DA:37,0
DA:38,0
DA:39,0
DA:40,0
DA:41,0
DA:44,0
LF:19
LH:1
end_of_record
SF:lib\features\stories\data\model\story_model.dart
DA:22,0
DA:25,0
DA:26,0
DA:28,0
DA:38,0
DA:40,0
DA:42,0
LF:7
LH:0
end_of_record
SF:lib\features\stories\data\model\story_model.g.dart
DA:9,0
DA:10,0
DA:11,0
DA:12,0
DA:13,0
DA:14,0
DA:15,0
DA:16,0
DA:17,0
DA:20,0
DA:21,0
DA:22,0
DA:23,0
DA:24,0
DA:25,0
DA:26,0
DA:27,0
DA:30,0
DA:31,0
DA:32,0
DA:35,0
DA:36,0
DA:37,0
LF:23
LH:0
end_of_record
SF:lib\features\stories\ui\pages\article_web_view.dart
DA:9,0
DA:11,0
DA:12,0
DA:18,0
DA:20,0
DA:21,0
DA:22,0
DA:23,0
DA:24,0
DA:25,0
DA:26,0
DA:27,0
DA:28,0
DA:29,0
DA:30,0
DA:35,0
DA:36,0
DA:39,0
DA:41,0
DA:42,0
DA:43,0
DA:44,0
DA:45,0
DA:46,0
DA:48,0
DA:50,0
DA:51,0
DA:54,0
DA:55,0
DA:56,0
DA:57,0
DA:58,0
DA:59,0
DA:60,0
DA:61,0
DA:64,0
DA:65,0
DA:66,0
DA:67,0
LF:39
LH:0
end_of_record
SF:lib\features\stories\ui\pages\detail_view.dart
DA:8,0
DA:10,0
DA:12,0
DA:13,0
DA:16,0
DA:17,0
DA:18,0
DA:19,0
LF:8
LH:0
end_of_record
SF:lib\features\stories\ui\pages\home_view.dart
DA:8,1
DA:10,0
DA:12,0
DA:14,0
DA:15,0
DA:16,0
DA:17,0
DA:18,0
LF:8
LH:1
end_of_record
SF:lib\core\styling\app_styles.dart
DA:5,0
DA:8,0
DA:11,0
DA:12,0
DA:13,0
DA:14,0
DA:16,0
DA:17,0
DA:18,0
DA:21,0
LF:10
LH:0
end_of_record
SF:lib\core\styling\app_themes.dart
DA:6,3
DA:7,1
DA:15,1
LF:3
LH:3
end_of_record
SF:lib\core\styling\app_colors.dart
DA:4,2
LF:1
LH:1
end_of_record
SF:lib\core\widgets\cached_network_image.dart
DA:7,0
DA:14,0
DA:22,0
DA:24,0
DA:25,0
DA:26,0
DA:27,0
DA:28,0
DA:29,0
DA:30,0
LF:10
LH:0
end_of_record
SF:lib\core\widgets\network_image_shimmer.dart
DA:5,1
DA:7,0
DA:9,0
DA:10,0
DA:11,0
DA:12,0
LF:6
LH:1
end_of_record
SF:lib\core\widgets\default_app_bar.dart
DA:7,1
DA:9,0
DA:11,0
DA:14,0
DA:15,0
LF:5
LH:1
end_of_record
SF:lib\core\widgets\default_text.dart
DA:15,1
DA:25,0
DA:27,0
DA:29,0
DA:30,0
DA:31,0
DA:32,0
DA:33,0
DA:34,0
DA:35,0
DA:36,0
DA:37,0
DA:38,0
LF:13
LH:1
end_of_record
SF:lib\core\widgets\loading_screen.dart
DA:11,1
DA:12,0
DA:14,0
DA:16,0
DA:17,0
DA:18,0
DA:21,0
DA:22,0
DA:23,0
DA:24,0
DA:25,0
LF:11
LH:1
end_of_record
SF:lib\core\widgets\loading_widget.dart
DA:11,1
DA:13,0
DA:15,0
DA:16,0
DA:18,0
DA:21,0
DA:23,0
DA:26,0
LF:8
LH:1
end_of_record
SF:lib\core\widgets\spinkitcircle.dart
DA:5,1
DA:13,0
DA:16,0
DA:24,0
DA:25,0
DA:34,0
DA:36,0
DA:38,0
DA:39,0
DA:40,0
DA:43,0
DA:45,0
DA:46,0
DA:48,0
DA:51,0
DA:53,0
DA:54,0
DA:55,0
DA:56,0
DA:57,0
DA:58,0
DA:59,0
DA:62,0
DA:63,0
DA:64,0
DA:66,0
DA:67,0
DA:68,0
DA:69,0
DA:70,0
DA:71,0
DA:72,0
DA:83,0
DA:84,0
DA:85,0
DA:87,0
LF:36
LH:1
end_of_record
SF:lib\features\stories\ui\widgets\detail\landscape_body.dart
DA:13,0
DA:15,0
DA:17,0
DA:19,0
DA:20,0
DA:21,0
DA:22,0
DA:23,0
DA:25,0
DA:26,0
DA:29,0
DA:30,0
LF:12
LH:0
end_of_record
SF:lib\features\stories\ui\widgets\detail\portrait_body.dart
DA:12,0
DA:14,0
DA:16,0
DA:17,0
DA:18,0
DA:19,0
DA:22,0
DA:23,0
DA:26,0
DA:27,0
LF:10
LH:0
end_of_record
SF:lib\features\stories\ui\widgets\home\home_header.dart
DA:9,1
DA:11,0
DA:13,0
DA:17,0
DA:19,0
DA:20,0
DA:21,0
DA:22,0
DA:24,0
LF:9
LH:1
end_of_record
SF:lib\features\stories\ui\widgets\home\stories_widget.dart
DA:11,1
DA:13,0
DA:15,0
DA:16,0
DA:17,0
DA:18,0
DA:19,0
DA:20,0
DA:21,0
DA:22,0
LF:10
LH:1
end_of_record
SF:lib\features\stories\ui\widgets\detail\author_text.dart
DA:8,0
DA:13,0
DA:15,0
DA:16,0
DA:17,0
DA:18,0
DA:19,0
DA:21,0
DA:23,0
DA:27,0
DA:29,0
DA:31,0
LF:12
LH:0
end_of_record
SF:lib\features\stories\ui\widgets\detail\story_body.dart
DA:14,0
DA:18,0
DA:22,0
DA:24,0
DA:26,0
DA:27,0
DA:28,0
DA:29,0
DA:30,0
DA:36,0
DA:37,0
DA:38,0
DA:40,0
DA:43,0
DA:44,0
DA:45,0
DA:48,0
DA:49,0
DA:50,0
DA:51,0
LF:20
LH:0
end_of_record
SF:lib\features\stories\ui\widgets\detail\story_large_image.dart
DA:11,0
DA:15,0
DA:19,0
DA:21,0
DA:22,0
DA:23,0
DA:24,0
DA:25,0
LF:8
LH:0
end_of_record
SF:lib\features\stories\ui\widgets\detail\top_rounded_container.dart
DA:7,0
DA:12,0
DA:17,0
DA:19,0
DA:20,0
DA:21,0
DA:24,0
DA:25,0
DA:26,0
DA:27,0
DA:28,0
DA:29,0
DA:33,0
DA:34,0
DA:35,0
DA:36,0
DA:37,0
DA:39,0
LF:18
LH:0
end_of_record
SF:lib\features\stories\ui\widgets\detail\see_more.dart
DA:9,0
DA:17,0
DA:19,0
DA:20,0
DA:21,0
DA:22,0
DA:23,0
DA:25,0
DA:28,0
DA:32,0
DA:33,0
LF:11
LH:0
end_of_record
SF:lib\features\stories\ui\widgets\home\card_story_widget.dart
DA:14,0
DA:17,0
DA:19,0
DA:20,0
DA:21,0
DA:22,0
DA:23,0
DA:25,0
DA:27,0
DA:28,0
DA:29,0
DA:30,0
DA:31,0
DA:32,0
DA:35,0
DA:36,0
DA:37,0
DA:38,0
DA:39,0
DA:44,0
DA:45,0
DA:46,0
DA:47,0
DA:50,0
LF:24
LH:0
end_of_record
SF:lib\features\stories\ui\widgets\home\cards_list_switch.dart
DA:7,1
DA:9,0
DA:11,0
DA:12,0
DA:13,0
DA:14,0
DA:15,0
DA:16,0
DA:17,0
DA:19,0
DA:20,0
DA:21,0
DA:22,0
DA:24,0
DA:26,0
DA:31,0
DA:33,0
DA:34,0
DA:35,0
DA:36,0
DA:38,0
DA:40,0
LF:22
LH:1
end_of_record
SF:lib\features\stories\ui\widgets\home\drop_down_fllter_list.dart
DA:9,1
DA:11,0
DA:13,0
DA:20,0
DA:21,0
DA:22,0
DA:23,0
DA:25,0
DA:26,0
DA:27,0
LF:10
LH:1
end_of_record
SF:lib\features\stories\ui\widgets\home\search_bar_widget.dart
DA:6,1
DA:8,0
DA:10,0
DA:11,0
DA:12,0
DA:13,0
DA:16,0
LF:7
LH:1
end_of_record
SF:lib\features\stories\ui\widgets\home\list_story_widget.dart
DA:16,0
DA:22,0
DA:24,0
DA:25,0
DA:26,0
DA:27,0
DA:29,0
DA:30,0
DA:32,0
DA:33,0
DA:34,0
DA:35,0
DA:36,0
DA:37,0
DA:38,0
DA:39,0
DA:40,0
DA:42,0
DA:43,0
DA:44,0
DA:46,0
DA:47,0
DA:48,0
DA:51,0
DA:52,0
DA:53,0
DA:55,0
DA:56,0
DA:57,0
DA:62,0
LF:30
LH:0
end_of_record
SF:lib\features\stories\ui\widgets\home\stories_cards.dart
DA:11,0
DA:13,0
DA:15,0
DA:16,0
DA:17,0
DA:18,0
DA:25,0
DA:26,0
DA:27,0
DA:28,0
DA:29,0
DA:30,0
LF:12
LH:0
end_of_record
SF:lib\features\stories\ui\widgets\home\stories_list_view.dart
DA:13,0
DA:15,0
DA:17,0
DA:18,0
DA:22,0
DA:23,0
DA:24,0
DA:25,0
DA:28,0
DA:29,0
DA:30,0
LF:11
LH:0
end_of_record
SF:lib\core\widgets\app_spacer.dart
DA:7,0
DA:11,0
DA:13,0
DA:14,0
DA:16,0
DA:17,0
DA:26,0
DA:28,0
DA:30,0
DA:32,0
DA:33,0
DA:34,0
LF:12
LH:0
end_of_record
SF:lib\core\widgets\threebounce.dart
DA:5,0
DA:12,0
DA:15,0
DA:23,0
DA:24,0
DA:31,0
DA:33,0
DA:35,0
DA:36,0
DA:37,0
DA:40,0
DA:42,0
DA:43,0
DA:45,0
DA:48,0
DA:50,0
DA:51,0
DA:52,0
DA:53,0
DA:55,0
DA:56,0
DA:57,0
DA:58,0
DA:59,0
DA:60,0
DA:68,0
DA:69,0
DA:70,0
DA:72,0
LF:29
LH:0
end_of_record
SF:lib\core\network\error_handler.dart
DA:11,0
DA:12,0
DA:13,0
DA:15,0
DA:16,0
DA:18,0
DA:19,0
DA:23,0
DA:28,0
DA:31,0
DA:32,0
DA:33,0
DA:35,0
DA:37,0
DA:38,0
DA:39,0
DA:40,0
DA:41,0
DA:42,0
DA:43,0
DA:44,0
DA:45,0
DA:46,0
DA:47,0
DA:48,0
DA:49,0
DA:50,0
DA:51,0
DA:53,0
DA:75,0
DA:77,0
DA:78,0
DA:79,0
DA:80,0
DA:82,0
DA:83,0
DA:85,0
DA:86,0
DA:87,0
DA:88,0
DA:90,0
DA:91,0
DA:92,0
DA:93,0
DA:95,0
DA:96,0
DA:98,0
DA:99,0
DA:100,0
DA:101,0
DA:103,0
DA:104,0
DA:106,0
DA:107,0
DA:109,0
DA:110,0
DA:112,0
DA:113,0
DA:169,0
DA:171,0
DA:172,0
DA:173,0
DA:174,0
DA:176,0
DA:177,0
DA:179,0
DA:180,0
DA:181,0
DA:182,0
DA:184,0
DA:185,0
DA:186,0
DA:187,0
DA:189,0
DA:190,0
DA:192,0
DA:193,0
DA:194,0
DA:195,0
DA:197,0
DA:198,0
DA:200,0
DA:201,0
DA:203,0
DA:204,0
DA:206,0
DA:207,0
DA:209,0
LF:88
LH:0
end_of_record
SF:lib\core\network\failure.dart
DA:5,0
LF:1
LH:0
end_of_record
SF:lib\core\network\response_model.dart
DA:18,0
DA:21,0
DA:22,0
LF:3
LH:0
end_of_record
SF:lib\core\network\response_model.g.dart
DA:9,0
DA:10,0
DA:11,0
DA:12,0
DA:13,0
DA:14,0
DA:15,0
DA:18,0
DA:19,0
DA:20,0
DA:21,0
DA:22,0
DA:23,0
DA:24,0
LF:14
LH:0
end_of_record
SF:lib\core\utils\string_date_time_converter.dart
DA:6,1
DA:8,0
DA:9,0
DA:11,0
DA:12,0
LF:5
LH:1
end_of_record
SF:lib\core\utils\utils.dart
DA:8,0
DA:16,0
DA:19,0
DA:23,0
DA:24,0
DA:25,0
DA:27,0
DA:28,0
DA:29,0
DA:31,0
DA:34,0
DA:37,0
DA:38,0
DA:39,0
DA:41,0
DA:43,0
DA:46,0
DA:48,0
DA:49,0
DA:52,0
DA:54,0
DA:55,0
DA:56,0
DA:58,0
DA:64,0
DA:65,0
DA:66,0
DA:69,0
DA:71,0
DA:72,0
DA:73,0
DA:74,0
DA:80,0
DA:81,0
DA:82,0
DA:83,0
DA:84,0
LF:37
LH:0
end_of_record
SF:lib\core\widgets\delay_tween.dart
DA:6,0
DA:7,0
DA:11,0
DA:13,0
DA:15,0
DA:16,0
LF:6
LH:0
end_of_record
